0 info it worked if it ends with ok
1 verbose cli [ '/usr/local/heroku/bin/node',
1 verbose cli   '/home/agnott/.nvm/versions/node/v6.3.1/bin/npm',
1 verbose cli   'start' ]
2 info using npm@3.10.3
3 info using node@v8.1.4
4 verbose run-script [ 'prestart', 'start', 'poststart' ]
5 info lifecycle agnott.github.io@1.0.0~prestart: agnott.github.io@1.0.0
6 silly lifecycle agnott.github.io@1.0.0~prestart: no script for prestart, continuing
7 info lifecycle agnott.github.io@1.0.0~start: agnott.github.io@1.0.0
8 verbose lifecycle agnott.github.io@1.0.0~start: unsafe-perm in lifecycle true
9 verbose lifecycle agnott.github.io@1.0.0~start: PATH: /home/agnott/.nvm/versions/node/v6.3.1/lib/node_modules/npm/bin/node-gyp-bin:/home/agnott/Programming/personal/agnott.github.io/node_modules/.bin:/usr/local/heroku/bin:/usr/local/heroku/bin:/home/agnott/.nvm/versions/node/v6.3.1/bin:/home/agnott/bin:/home/agnott/.local/bin:/usr/local/sbin:/usr/local/bin:/usr/sbin:/usr/bin:/sbin:/bin:/usr/games:/usr/local/games:/snap/bin
10 verbose lifecycle agnott.github.io@1.0.0~start: CWD: /home/agnott/Programming/personal/agnott.github.io
11 silly lifecycle agnott.github.io@1.0.0~start: Args: [ '-c', 'webpack-dev-server --watch-poll' ]
12 silly lifecycle agnott.github.io@1.0.0~start: Returned: code: 1  signal: null
13 info lifecycle agnott.github.io@1.0.0~start: Failed to exec start script
14 verbose stack Error: agnott.github.io@1.0.0 start: `webpack-dev-server --watch-poll`
14 verbose stack Exit status 1
14 verbose stack     at EventEmitter.<anonymous> (/home/agnott/.nvm/versions/node/v6.3.1/lib/node_modules/npm/lib/utils/lifecycle.js:242:16)
14 verbose stack     at emitTwo (events.js:125:13)
14 verbose stack     at EventEmitter.emit (events.js:213:7)
14 verbose stack     at ChildProcess.<anonymous> (/home/agnott/.nvm/versions/node/v6.3.1/lib/node_modules/npm/lib/utils/spawn.js:40:14)
14 verbose stack     at emitTwo (events.js:125:13)
14 verbose stack     at ChildProcess.emit (events.js:213:7)
14 verbose stack     at maybeClose (internal/child_process.js:897:16)
14 verbose stack     at Process.ChildProcess._handle.onexit (internal/child_process.js:208:5)
15 verbose pkgid agnott.github.io@1.0.0
16 verbose cwd /home/agnott/Programming/personal/agnott.github.io
17 error Linux 4.4.0-101-generic
18 error argv "/usr/local/heroku/bin/node" "/home/agnott/.nvm/versions/node/v6.3.1/bin/npm" "start"
19 error node v8.1.4
20 error npm  v3.10.3
21 error code ELIFECYCLE
22 error agnott.github.io@1.0.0 start: `webpack-dev-server --watch-poll`
22 error Exit status 1
23 error Failed at the agnott.github.io@1.0.0 start script 'webpack-dev-server --watch-poll'.
23 error Make sure you have the latest version of node.js and npm installed.
23 error If you do, this is most likely a problem with the agnott.github.io package,
23 error not with npm itself.
23 error Tell the author that this fails on your system:
23 error     webpack-dev-server --watch-poll
23 error You can get information on how to open an issue for this project with:
23 error     npm bugs agnott.github.io
23 error Or if that isn't available, you can get their info via:
23 error     npm owner ls agnott.github.io
23 error There is likely additional logging output above.
24 verbose exit [ 1, true ]
